2021-03-02 13:32:46,072 - INFO - -                                                               -
2021-03-02 13:32:46,072 - INFO - API Program Start Datetime:21-03-02 13:3246
2021-03-02 13:32:46,733 - INFO - 21-03-02 13:3246  |Error|-------->[Item Not Found] Document No:1216292558545Barcode:2900000000049
2021-03-02 13:33:23,596 - INFO - -                                                               -
2021-03-02 13:33:23,596 - INFO - API Program Start Datetime:21-03-02 13:3323
2021-03-02 13:33:24,137 - INFO - 21-03-02 13:3324  |Error|-------->[Item Not Found]  Document No:1216292558545   Barcode:2900000000049
2021-03-02 13:36:53,971 - INFO - -                                                               -
2021-03-02 13:36:53,971 - INFO - API Program Start Datetime:21-03-02 13:3653
2021-03-02 13:40:12,367 - INFO - -                                                               -
2021-03-02 13:40:12,368 - INFO - API Program Start Datetime:21-03-02 13:4012
2021-03-02 13:40:12,962 - INFO - 21-03-02 13:40:12  |Error|-------->[Item Not Found]  Document No:1216292558545   Barcode:2900000000049
2021-03-02 13:47:09,887 - INFO - -                                                               -
2021-03-02 13:47:09,887 - INFO - API Program Start Datetime:     [  21-03-02 13:47:09  ]
2021-03-02 13:48:10,138 - INFO - -                                                               -
2021-03-02 13:48:10,138 - INFO - API Program Start Datetime:     [  21-03-02 13:48:10  ]
2021-03-02 13:48:32,004 - INFO - -                                                               -
2021-03-02 13:48:32,005 - INFO - API Program Start Datetime:     [  21-03-02 13:48:32  ]
2021-03-02 13:50:44,695 - INFO - -                                                               -
2021-03-02 13:50:44,696 - INFO - API Program Start Datetime:     [  21-03-02 13:50:44  ]
2021-03-02 13:51:28,286 - INFO - -                                                               -
2021-03-02 13:51:28,287 - INFO - API Program Start Datetime:     [  21-03-02 13:51:28  ]
2021-03-02 13:52:43,805 - INFO - -                                                               -
2021-03-02 13:52:43,806 - INFO - API Program Start Datetime:     [  21-03-02 13:52:43  ]
2021-03-02 13:58:07,752 - INFO - -                                                               -
2021-03-02 13:58:07,752 - INFO - API Program Start Datetime:     [  21-03-02 13:58:07  ]
2021-03-02 13:58:27,920 - INFO - -                                                               -
2021-03-02 13:58:27,920 - INFO - API Program Start Datetime:     [  21-03-02 13:58:27  ]
2021-03-02 13:58:35,271 - INFO - -                                                               -
2021-03-02 13:58:35,271 - INFO - API Program Start Datetime:     [  21-03-02 13:58:35  ]
2021-03-02 14:01:29,716 - INFO - -                                                               -
2021-03-02 14:01:29,717 - INFO - API Program Start Datetime:     [  21-03-02 14:01:29  ]
2021-03-02 14:01:44,116 - INFO - -                                                               -
2021-03-02 14:01:44,116 - INFO - API Program Start Datetime:     [  21-03-02 14:01:44  ]
2021-03-02 15:01:23,048 - INFO - -                                                               -
2021-03-02 15:01:23,049 - INFO - API Program Start Datetime:     [  21-03-02 15:01:23  ]
2021-03-02 15:02:00,229 - INFO - -                                                               -
2021-03-02 15:02:00,230 - INFO - API Program Start Datetime:     [  21-03-02 15:02:00  ]
2021-03-02 15:02:16,320 - INFO - -                                                               -
2021-03-02 15:02:16,320 - INFO - API Program Start Datetime:     [  21-03-02 15:02:16  ]
2021-03-02 15:02:17,925 - INFO - 21-03-02 15:02:17  |Note|-------->[Create  XML Document]
2021-03-02 15:18:53,623 - INFO - -                                                               -
2021-03-02 15:18:53,623 - INFO - API Program Start Datetime:     [  21-03-02 15:18:53  ]
2021-03-02 15:18:55,368 - INFO - 21-03-02 15:18:55  |Note|-------->[Create  XML Document]
2021-03-02 15:26:51,751 - INFO - -                                                               -
2021-03-02 15:26:51,752 - INFO - API Program Start Datetime:     [  21-03-02 15:26:51  ]
2021-03-02 15:41:18,315 - INFO - -                                                               -
2021-03-02 15:41:18,316 - INFO - API Program Start Datetime:     [  21-03-02 15:41:18  ]
2021-03-02 15:42:17,040 - INFO - -                                                               -
2021-03-02 15:42:17,040 - INFO - API Program Start Datetime:     [  21-03-02 15:42:17  ]
2021-03-02 15:42:47,033 - INFO - -                                                               -
2021-03-02 15:42:47,034 - INFO - API Program Start Datetime:     [  21-03-02 15:42:47  ]
2021-03-02 15:42:47,599 - INFO - 21-03-02 15:42:47  |Error|-------->   Customer Not Exist 1010073508
2021-03-02 15:43:25,312 - INFO - -                                                               -
2021-03-02 15:43:25,312 - INFO - API Program Start Datetime:     [  21-03-02 15:43:25  ]
2021-03-02 16:22:43,811 - INFO - -                                                               -
2021-03-02 16:22:43,812 - INFO - API Program Start Datetime:     [  21-03-02 16:22:43  ]
2021-03-02 16:23:57,274 - INFO - -                                                               -
2021-03-02 16:23:57,275 - INFO - API Program Start Datetime:     [  21-03-02 16:23:57  ]
2021-03-02 16:24:25,453 - INFO - -                                                               -
2021-03-02 16:24:25,454 - INFO - API Program Start Datetime:     [  21-03-02 16:24:25  ]
2021-03-03 10:47:42,461 - INFO - -                                                               -
2021-03-03 10:47:42,462 - INFO - API Program Start Datetime:     [  21-03-03 10:47:42  ]
2021-03-03 10:48:53,499 - INFO - -                                                               -
2021-03-03 10:48:53,499 - INFO - API Program Start Datetime:     [  21-03-03 10:48:53  ]
2021-03-03 10:49:12,649 - INFO - -                                                               -
2021-03-03 10:49:12,649 - INFO - API Program Start Datetime:     [  21-03-03 10:49:12  ]
2021-03-03 11:04:23,878 - INFO - -                                                               -
2021-03-03 11:04:23,879 - INFO - API Program Start Datetime:     [  21-03-03 11:04:23  ]
2021-03-03 11:04:34,915 - INFO - -                                                               -
2021-03-03 11:04:34,915 - INFO - API Program Start Datetime:     [  21-03-03 11:04:34  ]
2021-03-03 11:06:22,026 - INFO - -                                                               -
2021-03-03 11:06:22,026 - INFO - API Program Start Datetime:     [  21-03-03 11:06:22  ]
2021-03-03 11:07:12,865 - INFO - -                                                               -
2021-03-03 11:07:12,865 - INFO - API Program Start Datetime:     [  21-03-03 11:07:12  ]
2021-03-03 11:07:36,058 - INFO - -                                                               -
2021-03-03 11:07:36,058 - INFO - API Program Start Datetime:     [  21-03-03 11:07:36  ]
2021-03-03 11:08:43,538 - INFO - -                                                               -
2021-03-03 11:08:43,538 - INFO - API Program Start Datetime:     [  21-03-03 11:08:43  ]
2021-03-03 11:09:24,635 - INFO - -                                                               -
2021-03-03 11:09:24,635 - INFO - API Program Start Datetime:     [  21-03-03 11:09:24  ]
2021-03-03 11:10:43,030 - INFO - -                                                               -
2021-03-03 11:10:43,031 - INFO - API Program Start Datetime:     [  21-03-03 11:10:43  ]
2021-03-03 11:11:01,435 - INFO - -                                                               -
2021-03-03 11:11:01,435 - INFO - API Program Start Datetime:     [  21-03-03 11:11:01  ]
2021-03-03 11:11:11,788 - INFO - -                                                               -
2021-03-03 11:11:11,788 - INFO - API Program Start Datetime:     [  21-03-03 11:11:11  ]
2021-03-03 11:11:35,759 - INFO - -                                                               -
2021-03-03 11:11:35,759 - INFO - API Program Start Datetime:     [  21-03-03 11:11:35  ]
2021-03-03 11:11:58,819 - INFO - -                                                               -
2021-03-03 11:11:58,820 - INFO - API Program Start Datetime:     [  21-03-03 11:11:58  ]
2021-03-03 11:12:29,811 - INFO - -                                                               -
2021-03-03 11:12:29,812 - INFO - API Program Start Datetime:     [  21-03-03 11:12:29  ]
2021-03-03 15:04:20,900 - INFO - -                                                               -
2021-03-03 15:04:20,918 - INFO - API Program Start Datetime:     [  21-03-03 15:04:20  ]
2021-03-03 15:05:47,763 - INFO - -                                                               -
2021-03-03 15:05:47,763 - INFO - API Program Start Datetime:     [  21-03-03 15:05:47  ]
2021-03-03 15:06:58,954 - INFO - -                                                               -
2021-03-03 15:06:58,954 - INFO - API Program Start Datetime:     [  21-03-03 15:06:58  ]
2021-03-03 15:07:22,905 - INFO - -                                                               -
2021-03-03 15:07:22,905 - INFO - API Program Start Datetime:     [  21-03-03 15:07:22  ]
2021-03-03 15:07:39,908 - INFO - -                                                               -
2021-03-03 15:07:39,908 - INFO - API Program Start Datetime:     [  21-03-03 15:07:39  ]
2021-03-03 15:07:48,591 - INFO - -                                                               -
2021-03-03 15:07:48,591 - INFO - API Program Start Datetime:     [  21-03-03 15:07:48  ]
2021-03-03 15:08:30,142 - INFO - -                                                               -
2021-03-03 15:08:30,143 - INFO - API Program Start Datetime:     [  21-03-03 15:08:30  ]
2021-03-03 15:08:44,176 - INFO - -                                                               -
2021-03-03 15:08:44,176 - INFO - API Program Start Datetime:     [  21-03-03 15:08:44  ]
2021-03-03 15:09:00,130 - INFO - -                                                               -
2021-03-03 15:09:00,130 - INFO - API Program Start Datetime:     [  21-03-03 15:09:00  ]
2021-03-03 15:09:20,749 - INFO - -                                                               -
2021-03-03 15:09:20,749 - INFO - API Program Start Datetime:     [  21-03-03 15:09:20  ]
2021-03-03 15:09:21,405 - INFO - 21-03-03 15:09:21  |Note|-------->[Create  XML Document]
2021-03-03 15:09:21,422 - INFO - Create Document Tree
2021-03-03 15:09:21,614 - INFO - Create INVCOICES Tree 
2021-03-03 15:09:21,708 - INFO - Format XML
2021-03-03 15:10:37,320 - INFO - -                                                               -
2021-03-03 15:10:37,320 - INFO - API Program Start Datetime:     [  21-03-03 15:10:37  ]
2021-03-03 15:10:38,042 - INFO - 21-03-03 15:10:38  |Note|-------->[Create  XML Document]
2021-03-03 15:10:38,043 - INFO - Create Document Tree
2021-03-03 15:10:38,234 - INFO - Create INVCOICES Tree 
2021-03-03 15:10:38,327 - INFO - Format XML
2021-03-03 15:10:38,327 - INFO - Create XML File Tree
2021-03-03 15:10:38,328 - INFO - Write XML FilE
2021-03-03 15:29:10,757 - INFO - -                                                               -
2021-03-03 15:29:10,757 - INFO - API Program Start Datetime:     [  21-03-03 15:29:10  ]
2021-03-03 15:29:11,434 - INFO - 21-03-03 15:29:11  |Note|-------->[Create  XML Document]
2021-03-03 15:29:11,434 - INFO - Create Document Tree
2021-03-03 15:29:11,713 - INFO - Create INVCOICES Tree 
2021-03-03 15:29:11,713 - INFO - Format XML
2021-03-03 15:29:11,713 - INFO - Create XML File Tree
2021-03-03 15:29:11,714 - INFO - Write XML FilE
2021-03-03 15:30:49,516 - INFO - -                                                               -
2021-03-03 15:30:49,516 - INFO - API Program Start Datetime:     [  21-03-03 15:30:49  ]
2021-03-03 15:30:50,154 - INFO - 21-03-03 15:30:50  |Note|-------->[Create  XML Document]
2021-03-03 15:30:50,154 - INFO - Create Document Tree
2021-03-03 15:30:50,441 - INFO - Create INVCOICES Tree 
2021-03-03 15:30:50,441 - INFO - Format XML
2021-03-03 15:30:50,441 - INFO - Create XML File Tree
2021-03-03 15:30:50,442 - INFO - Write XML FilE
2021-03-03 15:32:33,277 - INFO - -                                                               -
2021-03-03 15:32:33,277 - INFO - API Program Start Datetime:     [  21-03-03 15:32:33  ]
2021-03-03 15:32:33,970 - INFO - 21-03-03 15:32:33  |Note|-------->[Create  XML Document]
2021-03-03 15:32:33,971 - INFO - Create Document Tree
2021-03-03 15:32:34,248 - INFO - Create INVCOICES Tree 
2021-03-03 15:32:34,248 - INFO - Format XML
2021-03-03 15:32:34,248 - INFO - Create XML File Tree
2021-03-03 15:32:34,249 - INFO - Write XML FilE
2021-03-03 15:36:01,916 - INFO - -                                                               -
2021-03-03 15:36:01,917 - INFO - API Program Start Datetime:     [  21-03-03 15:36:01  ]
2021-03-03 15:36:02,617 - INFO - 21-03-03 15:36:02  |Note|-------->[Create  XML Document]
2021-03-03 15:36:02,617 - INFO - Create Document Tree
2021-03-03 15:36:02,902 - INFO - Create INVCOICES Tree 
2021-03-03 15:36:17,528 - INFO - -                                                               -
2021-03-03 15:36:17,528 - INFO - API Program Start Datetime:     [  21-03-03 15:36:17  ]
2021-03-03 15:36:18,249 - INFO - 21-03-03 15:36:18  |Note|-------->[Create  XML Document]
2021-03-03 15:36:18,249 - INFO - Create Document Tree
2021-03-03 15:36:18,535 - INFO - Create INVCOICES Tree 
2021-03-03 15:36:18,535 - INFO - Format XML
2021-03-03 15:36:18,535 - INFO - Create XML File Tree
2021-03-03 15:36:18,536 - INFO - Write XML FilE
2021-03-03 15:56:18,876 - INFO - -                                                               -
2021-03-03 15:56:18,876 - INFO - API Program Start Datetime:     [  21-03-03 15:56:18  ]
2021-03-03 15:56:19,562 - INFO - 21-03-03 15:56:19  |Note|-------->[Create  XML Document]
2021-03-03 15:56:19,562 - INFO - Create Document Tree
2021-03-03 15:56:19,843 - INFO - Create INVCOICES Tree 
2021-03-03 15:56:19,965 - INFO - Format XML
2021-03-03 15:56:19,965 - INFO - Create XML File Tree
2021-03-03 15:59:24,050 - INFO - -                                                               -
2021-03-03 15:59:24,050 - INFO - API Program Start Datetime:     [  21-03-03 15:59:24  ]
2021-03-03 15:59:24,720 - INFO - 21-03-03 15:59:24  |Note|-------->[Create  XML Document]
2021-03-03 15:59:24,720 - INFO - Create Document Tree
2021-03-03 15:59:25,008 - INFO - Create INVCOICES Tree 
2021-03-03 15:59:25,117 - INFO - Format XML
2021-03-03 15:59:25,117 - INFO - Create XML File Tree
2021-03-03 15:59:25,117 - INFO - Write XML FilE
2021-03-03 16:48:03,692 - INFO - -                                                               -
2021-03-03 16:48:03,692 - INFO - API Program Start Datetime:     [  21-03-03 16:48:03  ]
2021-03-03 16:48:04,561 - INFO - 21-03-03 16:48:04  |Note|-------->[Create  XML Document]
2021-03-03 16:48:04,561 - INFO - Create Document Tree
2021-03-03 16:48:04,839 - INFO - Create INVCOICES Tree 
2021-03-03 16:48:04,950 - INFO - Format XML
2021-03-03 16:48:04,950 - INFO - Create XML File Tree
2021-03-03 16:48:04,954 - INFO - Write XML FilE
2021-03-03 16:59:11,330 - INFO - -                                                               -
2021-03-03 16:59:11,331 - INFO - API Program Start Datetime:     [  21-03-03 16:59:11  ]
2021-03-03 16:59:12,002 - INFO - 21-03-03 16:59:12  |Note|-------->[Create  XML Document]
2021-03-03 16:59:12,002 - INFO - Create Document Tree
2021-03-03 16:59:12,285 - INFO - Create INVCOICES Tree 
2021-03-03 16:59:12,395 - INFO - Format XML
2021-03-03 16:59:12,395 - INFO - Create XML File Tree
2021-03-03 16:59:12,396 - INFO - Write XML FilE
2021-03-03 16:59:46,234 - INFO - -                                                               -
2021-03-03 16:59:46,234 - INFO - API Program Start Datetime:     [  21-03-03 16:59:46  ]
2021-03-03 16:59:46,885 - INFO - 21-03-03 16:59:46  |Note|-------->[Create  XML Document]
2021-03-03 16:59:46,885 - INFO - Create Document Tree
2021-03-03 16:59:47,163 - INFO - Create INVCOICES Tree 
2021-03-03 16:59:47,280 - INFO - Format XML
2021-03-03 16:59:47,280 - INFO - Create XML File Tree
2021-03-03 16:59:47,281 - INFO - Write XML FilE
2021-03-03 17:03:59,419 - INFO - -                                                               -
2021-03-03 17:03:59,419 - INFO - API Program Start Datetime:     [  21-03-03 17:03:59  ]
2021-03-03 17:04:00,087 - INFO - 21-03-03 17:04:00  |Note|-------->[Create  XML Document]
2021-03-03 17:04:00,087 - INFO - Create Document Tree
2021-03-03 17:04:00,368 - INFO - Create INVCOICES Tree 
2021-03-03 17:04:00,481 - INFO - Format XML
2021-03-03 17:04:00,481 - INFO - Create XML File Tree
2021-03-03 17:04:00,482 - INFO - Write XML FilE
2021-03-03 17:58:04,417 - INFO - -                                                               -
2021-03-03 17:58:04,417 - INFO - API Program Start Datetime:     [  21-03-03 17:58:04  ]
2021-03-03 17:58:05,131 - INFO - 21-03-03 17:58:05  |Note|-------->[Create  XML Document]
2021-03-03 17:58:05,132 - INFO - Create Document Tree
2021-03-03 17:58:05,410 - INFO - Create INVCOICES Tree 
2021-03-03 17:58:05,523 - INFO - Format XML
2021-03-03 17:58:05,524 - INFO - Create XML File Tree
2021-03-03 17:58:05,525 - INFO - Write XML FilE
2021-03-03 18:04:01,355 - INFO - -                                                               -
2021-03-03 18:04:01,356 - INFO - API Program Start Datetime:     [  21-03-03 18:04:01  ]
2021-03-03 18:04:02,025 - INFO - 21-03-03 18:04:02  |Note|-------->[Create  XML Document]
2021-03-03 18:04:02,025 - INFO - Create Document Tree
2021-03-03 18:04:02,303 - INFO - Create INVCOICES Tree 
2021-03-03 18:04:02,418 - INFO - Format XML
2021-03-03 18:04:02,418 - INFO - Create XML File Tree
2021-03-03 18:04:02,419 - INFO - Write XML FilE
2021-03-03 18:04:19,991 - INFO - -                                                               -
2021-03-03 18:04:19,991 - INFO - API Program Start Datetime:     [  21-03-03 18:04:19  ]
2021-03-03 18:04:20,666 - INFO - 21-03-03 18:04:20  |Note|-------->[Create  XML Document]
2021-03-03 18:04:20,666 - INFO - Create Document Tree
2021-03-03 18:04:20,942 - INFO - Create INVCOICES Tree 
2021-03-03 18:04:21,067 - INFO - Format XML
2021-03-03 18:04:21,067 - INFO - Create XML File Tree
2021-03-03 18:04:21,068 - INFO - Write XML FilE
